W0125 18:00:43.810000 4018596 .venv/lib/python3.12/site-packages/torch/distributed/run.py:803] 
W0125 18:00:43.810000 4018596 .venv/lib/python3.12/site-packages/torch/distributed/run.py:803] *****************************************
W0125 18:00:43.810000 4018596 .venv/lib/python3.12/site-packages/torch/distributed/run.py:803] Setting OMP_NUM_THREADS environment variable for each process to be 1 in default, to avoid your system being overloaded, please further tune the variable for optimal performance in your application as needed. 
W0125 18:00:43.810000 4018596 .venv/lib/python3.12/site-packages/torch/distributed/run.py:803] *****************************************
2026-01-25 18:00:52,477 - nanochat.flash_attention - [32m[1mINFO[0m - Flash Attention enabled. Using compiled cuda kernels from flash_attn package.
2026-01-25 18:00:52,481 - nanochat.flash_attention - [32m[1mINFO[0m - Flash Attention enabled. Using compiled cuda kernels from flash_attn package.
2026-01-25 18:00:53,860 - nanochat.common - [32m[1mINFO[0m - Distributed world size: 2
[rank1]: Traceback (most recent call last):
[rank1]:   File "/public_hw/share/cit_ztyu/cz/nanochat/scripts/base_train.py", line 134, in <module>
[rank1]:     assert args.total_batch_size % world_tokens_per_fwdbwd == 0
[rank1]:            ^^^^^^^^^^^^^^^^^^^^^^^^^^^^^^^^^^^^^^^^^^^^^^^^^^^^
[rank1]: AssertionError
[rank0]: Traceback (most recent call last):
[rank0]:   File "/public_hw/share/cit_ztyu/cz/nanochat/scripts/base_train.py", line 134, in <module>
[rank0]:     assert args.total_batch_size % world_tokens_per_fwdbwd == 0
[rank0]:            ^^^^^^^^^^^^^^^^^^^^^^^^^^^^^^^^^^^^^^^^^^^^^^^^^^^^
[rank0]: AssertionError
[rank0]:[W125 18:00:54.105554761 ProcessGroupNCCL.cpp:1524] Warning: WARNING: destroy_process_group() was not called before program exit, which can leak resources. For more info, please see https://pytorch.org/docs/stable/distributed.html#shutdown (function operator())
W0125 18:00:54.878000 4018596 .venv/lib/python3.12/site-packages/torch/distributed/elastic/multiprocessing/api.py:908] Sending process 4018682 closing signal SIGTERM
E0125 18:00:55.097000 4018596 .venv/lib/python3.12/site-packages/torch/distributed/elastic/multiprocessing/api.py:882] failed (exitcode: 1) local_rank: 1 (pid: 4018683) of binary: /public_hw/share/cit_ztyu/cz/nanochat/.venv/bin/python3
Traceback (most recent call last):
  File "/public_hw/share/cit_ztyu/cz/nanochat/.venv/bin/torchrun", line 10, in <module>
    sys.exit(main())
             ^^^^^^
  File "/public_hw/share/cit_ztyu/cz/nanochat/.venv/lib/python3.12/site-packages/torch/distributed/elastic/multiprocessing/errors/__init__.py", line 357, in wrapper
    return f(*args, **kwargs)
           ^^^^^^^^^^^^^^^^^^
  File "/public_hw/share/cit_ztyu/cz/nanochat/.venv/lib/python3.12/site-packages/torch/distributed/run.py", line 936, in main
    run(args)
  File "/public_hw/share/cit_ztyu/cz/nanochat/.venv/lib/python3.12/site-packages/torch/distributed/run.py", line 927, in run
    elastic_launch(
  File "/public_hw/share/cit_ztyu/cz/nanochat/.venv/lib/python3.12/site-packages/torch/distributed/launcher/api.py", line 156, in __call__
    return launch_agent(self._config, self._entrypoint, list(args))
           ^^^^^^^^^^^^^^^^^^^^^^^^^^^^^^^^^^^^^^^^^^^^^^^^^^^^^^^^
  File "/public_hw/share/cit_ztyu/cz/nanochat/.venv/lib/python3.12/site-packages/torch/distributed/launcher/api.py", line 293, in launch_agent
    raise ChildFailedError(
torch.distributed.elastic.multiprocessing.errors.ChildFailedError: 
============================================================
/public_hw/share/cit_ztyu/cz/nanochat/scripts/base_train.py FAILED
------------------------------------------------------------
Failures:
  <NO_OTHER_FAILURES>
------------------------------------------------------------
Root Cause (first observed failure):
[0]:
  time      : 2026-01-25_18:00:54
  host      : gpuh07
  rank      : 1 (local_rank: 1)
  exitcode  : 1 (pid: 4018683)
  error_file: <N/A>
  traceback : To enable traceback see: https://pytorch.org/docs/stable/elastic/errors.html
============================================================
